<?xml version="1.0" encoding="UTF-8"?>
<testsuite name="demolition.SetupTest" tests="6" skipped="0" failures="0" errors="0" timestamp="2021-11-05T01:44:09" hostname="jarod-VirtualBox" time="6.662">
  <properties/>
  <testcase name="testExplosionSetup()" classname="demolition.SetupTest" time="1.401"/>
  <testcase name="testJSONReading()" classname="demolition.SetupTest" time="1.043"/>
  <testcase name="testImagesAndFontSetup()" classname="demolition.SetupTest" time="1.046"/>
  <testcase name="testPlayerSetup()" classname="demolition.SetupTest" time="1.051"/>
  <testcase name="testBombSetup()" classname="demolition.SetupTest" time="1.042"/>
  <testcase name="testEnemySetup()" classname="demolition.SetupTest" time="1.066"/>
  <system-out><![CDATA[]]></system-out>
  <system-err><![CDATA[]]></system-err>
</testsuite>
