<?xml version="1.0" encoding="UTF-8"?>
<testsuite name="demolition.MovementTest" tests="3" skipped="0" failures="0" errors="0" timestamp="2021-11-05T01:44:15" hostname="jarod-VirtualBox" time="0.007">
  <properties/>
  <testcase name="testYellowEnemy()" classname="demolition.MovementTest" time="0.0"/>
  <testcase name="testRedEnemy()" classname="demolition.MovementTest" time="0.005"/>
  <testcase name="testPlayerMove()" classname="demolition.MovementTest" time="0.0"/>
  <system-out><![CDATA[]]></system-out>
  <system-err><![CDATA[]]></system-err>
</testsuite>
